<?xml version="1.0" encoding="UTF-8"?>
<!-- Generated by org.testng.reporters.JUnitXMLReporter -->
<testsuite hostname="LAPTOP-NRJRIRP9" ignored="0" name="Test 1" tests="1" failures="1" timestamp="30 Jan 2022 05:54:47 GMT" time="50.173" errors="0">
  <testcase name="tc1" time="49.714" classname="org.test.Assertion">
    <failure type="org.openqa.selenium.WebDriverException" message="unknown error: Chrome failed to start: exited normally.
  (chrome not reachable)
  (The process started from chrome location C:\Program Files\Google\Chrome\Application\chrome.exe is no longer running, so ChromeDriver is assuming that Chrome has crashed.)
Build info: version: &amp;apos;3.141.59&amp;apos;, revision: &amp;apos;e82be7d358&amp;apos;, time: &amp;apos;2018-11-14T08:17:03&amp;apos;
System info: host: &amp;apos;LAPTOP-NRJRIRP9&amp;apos;, ip: &amp;apos;192.168.43.70&amp;apos;, os.name: &amp;apos;Windows 10&amp;apos;, os.arch: &amp;apos;amd64&amp;apos;, os.version: &amp;apos;10.0&amp;apos;, java.version: &amp;apos;1.8.0_301&amp;apos;
Driver info: driver.version: ChromeDriver
remote stacktrace: Backtrace:
	Ordinal0 [0x0039FDC3+2555331]
	Ordinal0 [0x003377F1+2127857]
	Ordinal0 [0x00232E08+1060360]
	Ordinal0 [0x0024EA4A+1174090]
	Ordinal0 [0x0024AFC1+1159105]
	Ordinal0 [0x0027C22F+1360431]
	Ordinal0 [0x0027BE9A+1359514]
	Ordinal0 [0x00277976+1341814]
	Ordinal0 [0x002536B6+1193654]
	Ordinal0 [0x00254546+1197382]
	GetHandleVerifier [0x00539622+1619522]
	GetHandleVerifier [0x005E882C+2336844]
	GetHandleVerifier [0x004323E1+541697]
	GetHandleVerifier [0x00431443+537699]
	Ordinal0 [0x0033D18E+2150798]
	Ordinal0 [0x00341518+2168088]
	Ordinal0 [0x00341660+2168416]
	Ordinal0 [0x0034B330+2208560]
	BaseThreadInitThunk [0x7706FA29+25]
	RtlGetAppContainerNamedObjectPath [0x771B7A9E+286]
	RtlGetAppContainerNamedObjectPath [0x771B7A6E+238]
">
      <![CDATA[org.openqa.selenium.WebDriverException: unknown error: Chrome failed to start: exited normally.
  (chrome not reachable)
  (The process started from chrome location C:\Program Files\Google\Chrome\Application\chrome.exe is no longer running, so ChromeDriver is assuming that Chrome has crashed.)
Build info: version: '3.141.59', revision: 'e82be7d358', time: '2018-11-14T08:17:03'
System info: host: 'LAPTOP-NRJRIRP9', ip: '192.168.43.70', os.name: 'Windows 10', os.arch: 'amd64', os.version: '10.0', java.version: '1.8.0_301'
Driver info: driver.version: ChromeDriver
remote stacktrace: Backtrace:
Ordinal0 [0x0039FDC3+2555331]
Ordinal0 [0x003377F1+2127857]
Ordinal0 [0x00232E08+1060360]
Ordinal0 [0x0024EA4A+1174090]
Ordinal0 [0x0024AFC1+1159105]
Ordinal0 [0x0027C22F+1360431]
Ordinal0 [0x0027BE9A+1359514]
Ordinal0 [0x00277976+1341814]
Ordinal0 [0x002536B6+1193654]
Ordinal0 [0x00254546+1197382]
GetHandleVerifier [0x00539622+1619522]
GetHandleVerifier [0x005E882C+2336844]
GetHandleVerifier [0x004323E1+541697]
GetHandleVerifier [0x00431443+537699]
Ordinal0 [0x0033D18E+2150798]
Ordinal0 [0x00341518+2168088]
Ordinal0 [0x00341660+2168416]
Ordinal0 [0x0034B330+2208560]
BaseThreadInitThunk [0x7706FA29+25]
RtlGetAppContainerNamedObjectPath [0x771B7A9E+286]
RtlGetAppContainerNamedObjectPath [0x771B7A6E+238]

at org.openqa.selenium.remote.W3CHandshakeResponse.lambda$errorHandler$0(W3CHandshakeResponse.java:62)
at org.openqa.selenium.remote.HandshakeResponse.lambda$getResponseFunction$0(HandshakeResponse.java:30)
at org.openqa.selenium.remote.ProtocolHandshake.lambda$createSession$0(ProtocolHandshake.java:126)
at java.util.stream.ReferencePipeline$3$1.accept(Unknown Source)
at java.util.Spliterators$ArraySpliterator.tryAdvance(Unknown Source)
at java.util.stream.ReferencePipeline.forEachWithCancel(Unknown Source)
at java.util.stream.AbstractPipeline.copyIntoWithCancel(Unknown Source)
at java.util.stream.AbstractPipeline.copyInto(Unknown Source)
at java.util.stream.AbstractPipeline.wrapAndCopyInto(Unknown Source)
at java.util.stream.FindOps$FindOp.evaluateSequential(Unknown Source)
at java.util.stream.AbstractPipeline.evaluate(Unknown Source)
at java.util.stream.ReferencePipeline.findFirst(Unknown Source)
at org.openqa.selenium.remote.ProtocolHandshake.createSession(ProtocolHandshake.java:128)
at org.openqa.selenium.remote.ProtocolHandshake.createSession(ProtocolHandshake.java:74)
at org.openqa.selenium.remote.HttpCommandExecutor.execute(HttpCommandExecutor.java:136)
at org.openqa.selenium.remote.service.DriverCommandExecutor.execute(DriverCommandExecutor.java:83)
at org.openqa.selenium.remote.RemoteWebDriver.execute(RemoteWebDriver.java:552)
at org.openqa.selenium.remote.RemoteWebDriver.startSession(RemoteWebDriver.java:213)
at org.openqa.selenium.remote.RemoteWebDriver.<init>(RemoteWebDriver.java:131)
at org.openqa.selenium.chrome.ChromeDriver.<init>(ChromeDriver.java:181)
at org.openqa.selenium.chrome.ChromeDriver.<init>(ChromeDriver.java:168)
at org.openqa.selenium.chrome.ChromeDriver.<init>(ChromeDriver.java:123)
at org.test.Assertion.tc1(Assertion.java:22)
at java.util.concurrent.FutureTask.run(Unknown Source)
at java.util.concurrent.ThreadPoolExecutor.runWorker(Unknown Source)
at java.util.concurrent.ThreadPoolExecutor$Worker.run(Unknown Source)
at java.lang.Thread.run(Unknown Source)
... Removed 20 stack frames]]>
    </failure>
  </testcase> <!-- tc1 -->
</testsuite> <!-- Test 1 -->
